Base path: 'C:/Program Files/workspace/unity/2018.4.22f1/Editor/Data', plugins path 'C:/Program Files/workspace/unity/2018.4.22f1/Editor/Data/PlaybackEngines'
Cmd: initializeCompiler
Cmd: compileSnippet
  api=4 type=1 insize=8313 outsize=502 kw=UNITY_PASS_SHADOWCASTER SHADOWS_DEPTH pd=UNITY_ENABLE_REFLECTION_BUFFERS UNITY_USE_DITHER_MASK_FOR_ALPHABLENDED_SHADOWS UNITY_PBS_USE_BRDF1 UNITY_SPECCUBE_BOX_PROJECTION UNITY_SPECCUBE_BLENDING UNITY_ENABLE_DETAIL_NORMALMAP SHADER_API_DESKTOP UNITY_COLORSPACE_GAMMA UNITY_LIGHT_PROBE_PROXY_VOLUME UNITY_LIGHTMAP_FULL_HDR ok=1
Cmd: compileSnippet
  api=4 type=1 insize=11846 outsize=5706 kw=SHADOWS_SPLIT_SPHERES pd=UNITY_ENABLE_REFLECTION_BUFFERS UNITY_USE_DITHER_MASK_FOR_ALPHABLENDED_SHADOWS UNITY_PBS_USE_BRDF1 UNITY_SPECCUBE_BOX_PROJECTION UNITY_SPECCUBE_BLENDING UNITY_ENABLE_DETAIL_NORMALMAP SHADER_API_DESKTOP UNITY_COLORSPACE_GAMMA UNITY_LIGHT_PROBE_PROXY_VOLUME UNITY_LIGHTMAP_FULL_HDR ok=1
Cmd: initializeCompiler
Cmd: compileComputeKernel
  api=4 insize=16804 outsize=8237 ok=1
Cmd: compileComputeKernel
  api=4 insize=7570 outsize=3230 ok=1
Cmd: compileComputeKernel
  api=4 insize=9615 outsize=4306 ok=1
Cmd: compileComputeKernel
  api=4 insize=9809 outsize=6357 ok=1
Cmd: compileComputeKernel
  api=4 insize=9809 outsize=7570 ok=1
Cmd: compileComputeKernel
  api=4 insize=17994 outsize=8303 ok=1
Cmd: compileComputeKernel
  api=4 insize=4823 outsize=3422 ok=1
Cmd: compileComputeKernel
  api=4 insize=14139 outsize=1905 ok=1
Cmd: compileComputeKernel
  api=4 insize=11086 outsize=4699 ok=1
Cmd: compileComputeKernel
  api=4 insize=3111 outsize=3237 ok=1
Cmd: compileComputeKernel
  api=4 insize=40264 outsize=39488 ok=1
Cmd: compileComputeKernel
  api=4 insize=40264 outsize=37115 ok=1
Cmd: compileComputeKernel
  api=4 insize=8511 outsize=6725 ok=1
Cmd: compileComputeKernel
  api=4 insize=3450 outsize=1076 ok=1
Cmd: compileComputeKernel
  api=4 insize=22295 outsize=15432 ok=1
Cmd: compileComputeKernel
  api=4 insize=11494 outsize=4119 ok=1
Cmd: compileComputeKernel
  api=4 insize=9202 outsize=6233 ok=1
Cmd: compileComputeKernel
  api=4 insize=7840 outsize=7432 ok=1
Cmd: compileComputeKernel
  api=4 insize=8233 outsize=532 ok=1
Cmd: compileComputeKernel
  api=4 insize=22339 outsize=1157 ok=1
Cmd: compileComputeKernel
  api=4 insize=6119 outsize=2809 ok=1
Cmd: compileComputeKernel
  api=4 insize=6745 outsize=1485 ok=1
Cmd: compileComputeKernel
  api=4 insize=6745 outsize=1877 ok=1
Cmd: compileComputeKernel
  api=4 insize=6745 outsize=1243 ok=1
Cmd: compileComputeKernel
  api=4 insize=6745 outsize=919 ok=1
Cmd: compileComputeKernel
  api=4 insize=9103 outsize=2745 ok=1
Cmd: compileComputeKernel
  api=4 insize=26542 outsize=15415 ok=1
Cmd: compileComputeKernel
  api=4 insize=16295 outsize=23927 ok=1
Cmd: compileComputeKernel
  api=4 insize=16295 outsize=43264 ok=1
Cmd: compileComputeKernel
  api=4 insize=16295 outsize=34333 ok=1
Cmd: compileComputeKernel
  api=4 insize=16295 outsize=79447 ok=1
Cmd: compileComputeKernel
  api=4 insize=16295 outsize=79522 ok=1
Cmd: compileComputeKernel
  api=4 insize=16295 outsize=40387 ok=1
Cmd: compileComputeKernel
  api=4 insize=16295 outsize=47854 ok=1
Cmd: compileComputeKernel
  api=4 insize=16295 outsize=81907 ok=1
Cmd: compileComputeKernel
  api=4 insize=3697 outsize=3162 ok=1
Cmd: compileComputeKernel
  api=4 insize=28593 outsize=26555 ok=1
Cmd: compileComputeKernel
  api=4 insize=12177 outsize=953 ok=1
Cmd: compileComputeKernel
  api=4 insize=11069 outsize=8912 ok=1
Cmd: compileComputeKernel
  api=4 insize=7589 outsize=1128 ok=1
Cmd: compileComputeKernel
  api=4 insize=13959 outsize=4058 ok=1
Cmd: compileComputeKernel
  api=4 insize=10587 outsize=3155 ok=1
